-------------------------------------------------------------------------------
Test set: miapp.RunCucumberTest
-------------------------------------------------------------------------------
Tests run: 2, Failures: 0, Errors: 2, Skipped: 0, Time elapsed: 0.498 s <<< FAILURE! - in miapp.RunCucumberTest
Operaciones matemáticas.Sumar dos números  Time elapsed: 0.128 s  <<< ERROR!
io.cucumber.junit.UndefinedStepException: 
The step 'que tengo dos números {int} y {int}' and 1 other step(s) are undefined.
You can implement these steps using the snippet(s) below:

@Given("que tengo dos números \\{int} y \\{int}")
public void que_tengo_dos_números_y() {
    // Write code here that turns the phrase above into concrete actions
    throw new io.cucumber.java.PendingException();
}
@Then("el resultado de la suma es \\{int}")
public void el_resultado_de_la_suma_es() {
    // Write code here that turns the phrase above into concrete actions
    throw new io.cucumber.java.PendingException();
}


Operaciones matemáticas.Multiplicar dos números  Time elapsed: 0.007 s  <<< ERROR!
io.cucumber.junit.UndefinedStepException: 
The step 'que tengo dos números {int} y {int}' and 2 other step(s) are undefined.
You can implement these steps using the snippet(s) below:

@Given("que tengo dos números \\{int} y \\{int}")
public void que_tengo_dos_números_y() {
    // Write code here that turns the phrase above into concrete actions
    throw new io.cucumber.java.PendingException();
}
@When("los multiplico")
public void los_multiplico() {
    // Write code here that turns the phrase above into concrete actions
    throw new io.cucumber.java.PendingException();
}
@Then("el resultado de la multiplicación es \\{int}")
public void el_resultado_de_la_multiplicación_es() {
    // Write code here that turns the phrase above into concrete actions
    throw new io.cucumber.java.PendingException();
}


